http://jandan.net/2018/05/15/in-her-arm.html 又一例手臂培养移植耳朵的手术
http://jandan.net/2018/05/15/public-buses.html 为什么没有人讨论未来的公共交通？
http://jandan.net/2018/05/15/first-date-4.html 女子一年内向第一任约会对象发65000条短信
http://jandan.net/2018/05/15/own-microwave.html 关于微波炉，你究竟了解多少？
http://jandan.net/2018/05/15/lonely-to-death.html 日本剩女们的不安：「我会孤独至死吗」
http://jandan.net/2018/05/15/time-crystal.html 科学家为时间晶体找到了实际用途
http://jandan.net/2018/05/15/science-news-5.html 一周有趣科学新闻
http://jandan.net/2018/05/15/white-house-ai.html 白宫成立「AI特别小组」
http://jandan.net/2018/05/15/jony-ive.html Jony Ive访谈：关于苹果手表
http://jandan.net/2018/05/15/dine-and-dash.html 连环霸王餐：连续三年约会不同女性，饭后逃之夭夭
http://jandan.net/2018/05/14/death-not.html 怎样算是死了？得看死在哪个区
http://jandan.net/2018/05/14/by-lightning.html 史上最倒霉的人：四次遭雷劈
http://jandan.net/2018/05/14/lens-laser.html 科学家制造出了能发射激光的隐形眼镜
http://jandan.net/2018/05/14/shame-debtors.html 俄罗斯原创催债法：羞辱金字塔
http://jandan.net/2018/05/14/smartest-dog.html 犬种「工作智商」排行榜
http://jandan.net/2018/05/14/handle-a-cat.html 兽医介绍如何科学地抱猫
http://jandan.net/2018/05/14/100-a-month.html 每个月投资100美元，给你的生活带来巨变
http://jandan.net/2018/05/14/giant-shots.html porn中出现的大量乳白色液体多是道具
http://jandan.net/2018/05/14/co2-levels.html 二氧化碳浓度创80万年来的最高纪录
http://jandan.net/2018/05/14/darwin.html 达尔文奖NSFW选
http://jandan.net/2018/05/14/mental-illness-2.html 恶性大案的主角经常是精神病？这是偏见
http://jandan.net/2018/05/14/android-p-2.html 当我们在讨论安卓的时候，我们在讨论什么？
http://jandan.net/2018/05/14/pluto-planet.html 这群NASA科学家希望恢复冥王星的行星地位
http://jandan.net/2018/05/14/artificial-embryos.html 科学家造出「人造胚胎」，成功使老鼠受孕
